2025-10-07 15:30:17,369:WARNING:
'cuml' is a soft dependency and not included in the pycaret installation. Please run: `pip install cuml` to install.
2025-10-07 15:30:17,369:WARNING:
'cuml' is a soft dependency and not included in the pycaret installation. Please run: `pip install cuml` to install.
2025-10-07 15:30:17,369:WARNING:
'cuml' is a soft dependency and not included in the pycaret installation. Please run: `pip install cuml` to install.
2025-10-07 15:30:17,369:WARNING:
'cuml' is a soft dependency and not included in the pycaret installation. Please run: `pip install cuml` to install.
2025-10-07 15:56:37,706:WARNING:
'cuml' is a soft dependency and not included in the pycaret installation. Please run: `pip install cuml` to install.
2025-10-07 15:56:37,706:WARNING:
'cuml' is a soft dependency and not included in the pycaret installation. Please run: `pip install cuml` to install.
2025-10-07 15:56:37,706:WARNING:
'cuml' is a soft dependency and not included in the pycaret installation. Please run: `pip install cuml` to install.
2025-10-07 15:56:37,706:WARNING:
'cuml' is a soft dependency and not included in the pycaret installation. Please run: `pip install cuml` to install.
2025-10-07 16:00:17,922:WARNING:
'cuml' is a soft dependency and not included in the pycaret installation. Please run: `pip install cuml` to install.
2025-10-07 16:00:17,922:WARNING:
'cuml' is a soft dependency and not included in the pycaret installation. Please run: `pip install cuml` to install.
2025-10-07 16:00:17,922:WARNING:
'cuml' is a soft dependency and not included in the pycaret installation. Please run: `pip install cuml` to install.
2025-10-07 16:00:17,922:WARNING:
'cuml' is a soft dependency and not included in the pycaret installation. Please run: `pip install cuml` to install.
2025-10-07 16:00:41,634:INFO:PyCaret RegressionExperiment
2025-10-07 16:00:41,635:INFO:Logging name: reg-default-name
2025-10-07 16:00:41,635:INFO:ML Usecase: MLUsecase.REGRESSION
2025-10-07 16:00:41,635:INFO:version 3.3.2
2025-10-07 16:00:41,635:INFO:Initializing setup()
2025-10-07 16:00:41,635:INFO:self.USI: f5ac
2025-10-07 16:00:41,635:INFO:self._variable_keys: {'exp_name_log', 'X', 'gpu_param', 'fold_generator', 'y', 'log_plots_param', '_available_plots', 'data', 'memory', 'USI', '_ml_usecase', 'exp_id', 'html_param', 'transform_target_param', 'n_jobs_param', 'gpu_n_jobs_param', 'X_train', 'fold_groups_param', 'X_test', 'idx', 'fold_shuffle_param', 'logging_param', 'pipeline', 'y_test', 'y_train', 'seed', 'target_param'}
2025-10-07 16:00:41,635:INFO:Checking environment
2025-10-07 16:00:41,635:INFO:python_version: 3.11.13
2025-10-07 16:00:41,635:INFO:python_build: ('main', 'Jun  5 2025 08:21:08')
2025-10-07 16:00:41,635:INFO:machine: arm64
2025-10-07 16:00:41,635:INFO:platform: macOS-15.6.1-arm64-arm-64bit
2025-10-07 16:00:41,635:INFO:Memory: svmem(total=17179869184, available=4169760768, percent=75.7, used=6451806208, free=74235904, active=4109713408, inactive=4086939648, wired=2342092800)
2025-10-07 16:00:41,635:INFO:Physical Core: 10
2025-10-07 16:00:41,635:INFO:Logical Core: 10
2025-10-07 16:00:41,635:INFO:Checking libraries
2025-10-07 16:00:41,635:INFO:System:
2025-10-07 16:00:41,635:INFO:    python: 3.11.13 (main, Jun  5 2025, 08:21:08) [Clang 14.0.6 ]
2025-10-07 16:00:41,635:INFO:executable: /Users/alperozarslan/miniconda3/envs/pycaret_env/bin/python
2025-10-07 16:00:41,635:INFO:   machine: macOS-15.6.1-arm64-arm-64bit
2025-10-07 16:00:41,635:INFO:PyCaret required dependencies:
2025-10-07 16:00:42,004:INFO:                 pip: 25.2
2025-10-07 16:00:42,004:INFO:          setuptools: 78.1.1
2025-10-07 16:00:42,004:INFO:             pycaret: 3.3.2
2025-10-07 16:00:42,005:INFO:             IPython: 9.6.0
2025-10-07 16:00:42,005:INFO:          ipywidgets: 8.1.7
2025-10-07 16:00:42,005:INFO:                tqdm: 4.67.1
2025-10-07 16:00:42,005:INFO:               numpy: 1.26.4
2025-10-07 16:00:42,005:INFO:              pandas: 2.1.4
2025-10-07 16:00:42,005:INFO:              jinja2: 3.1.6
2025-10-07 16:00:42,005:INFO:               scipy: 1.11.4
2025-10-07 16:00:42,005:INFO:              joblib: 1.3.2
2025-10-07 16:00:42,005:INFO:             sklearn: 1.4.2
2025-10-07 16:00:42,005:INFO:                pyod: 2.0.5
2025-10-07 16:00:42,005:INFO:            imblearn: 0.14.0
2025-10-07 16:00:42,005:INFO:   category_encoders: 2.7.0
2025-10-07 16:00:42,005:INFO:            lightgbm: 4.6.0
2025-10-07 16:00:42,005:INFO:               numba: 0.62.1
2025-10-07 16:00:42,005:INFO:            requests: 2.32.5
2025-10-07 16:00:42,005:INFO:          matplotlib: 3.7.5
2025-10-07 16:00:42,005:INFO:          scikitplot: 0.3.7
2025-10-07 16:00:42,005:INFO:         yellowbrick: 1.5
2025-10-07 16:00:42,005:INFO:              plotly: 6.3.1
2025-10-07 16:00:42,005:INFO:    plotly-resampler: Not installed
2025-10-07 16:00:42,005:INFO:             kaleido: 1.1.0
2025-10-07 16:00:42,005:INFO:           schemdraw: 0.15
2025-10-07 16:00:42,005:INFO:         statsmodels: 0.14.5
2025-10-07 16:00:42,005:INFO:              sktime: 0.26.0
2025-10-07 16:00:42,005:INFO:               tbats: 1.1.3
2025-10-07 16:00:42,005:INFO:            pmdarima: 2.0.4
2025-10-07 16:00:42,005:INFO:              psutil: 7.1.0
2025-10-07 16:00:42,005:INFO:          markupsafe: 3.0.3
2025-10-07 16:00:42,005:INFO:             pickle5: Not installed
2025-10-07 16:00:42,005:INFO:         cloudpickle: 3.1.1
2025-10-07 16:00:42,005:INFO:         deprecation: 2.1.0
2025-10-07 16:00:42,005:INFO:              xxhash: 3.6.0
2025-10-07 16:00:42,005:INFO:           wurlitzer: 3.1.1
2025-10-07 16:00:42,005:INFO:PyCaret optional dependencies:
2025-10-07 16:00:42,012:INFO:                shap: Not installed
2025-10-07 16:00:42,012:INFO:           interpret: Not installed
2025-10-07 16:00:42,012:INFO:                umap: Not installed
2025-10-07 16:00:42,012:INFO:     ydata_profiling: Not installed
2025-10-07 16:00:42,012:INFO:  explainerdashboard: Not installed
2025-10-07 16:00:42,012:INFO:             autoviz: Not installed
2025-10-07 16:00:42,012:INFO:           fairlearn: Not installed
2025-10-07 16:00:42,012:INFO:          deepchecks: Not installed
2025-10-07 16:00:42,012:INFO:             xgboost: Not installed
2025-10-07 16:00:42,012:INFO:            catboost: Not installed
2025-10-07 16:00:42,012:INFO:              kmodes: Not installed
2025-10-07 16:00:42,012:INFO:             mlxtend: Not installed
2025-10-07 16:00:42,012:INFO:       statsforecast: Not installed
2025-10-07 16:00:42,012:INFO:        tune_sklearn: Not installed
2025-10-07 16:00:42,012:INFO:                 ray: Not installed
2025-10-07 16:00:42,012:INFO:            hyperopt: Not installed
2025-10-07 16:00:42,012:INFO:              optuna: Not installed
2025-10-07 16:00:42,012:INFO:               skopt: Not installed
2025-10-07 16:00:42,012:INFO:              mlflow: Not installed
2025-10-07 16:00:42,012:INFO:              gradio: Not installed
2025-10-07 16:00:42,012:INFO:             fastapi: Not installed
2025-10-07 16:00:42,012:INFO:             uvicorn: Not installed
2025-10-07 16:00:42,012:INFO:              m2cgen: Not installed
2025-10-07 16:00:42,012:INFO:           evidently: Not installed
2025-10-07 16:00:42,012:INFO:               fugue: Not installed
2025-10-07 16:00:42,012:INFO:           streamlit: Not installed
2025-10-07 16:00:42,012:INFO:             prophet: Not installed
2025-10-07 16:00:42,012:INFO:None
2025-10-07 16:00:42,012:INFO:Set up data.
2025-10-07 16:00:43,300:INFO:Set up folding strategy.
2025-10-07 16:00:43,300:INFO:Set up train/test split.
2025-10-07 16:00:43,826:INFO:Set up index.
2025-10-07 16:00:43,833:INFO:Assigning column types.
2025-10-07 16:00:44,470:INFO:Engine successfully changes for model 'lr' to 'sklearn'.
2025-10-07 16:00:44,470:INFO:Engine for model 'lasso' has not been set explicitly, hence returning None.
2025-10-07 16:00:44,472:INFO:Engine for model 'ridge' has not been set explicitly, hence returning None.
2025-10-07 16:00:44,473:INFO:Engine for model 'en' has not been set explicitly, hence returning None.
2025-10-07 16:00:45,100:INFO:Engine for model 'svm' has not been set explicitly, hence returning None.
2025-10-07 16:00:45,113:INFO:Engine for model 'knn' has not been set explicitly, hence returning None.
2025-10-07 16:00:45,113:WARNING:
'xgboost' is a soft dependency and not included in the pycaret installation. Please run: `pip install xgboost` to install.
Alternately, you can install this by running `pip install pycaret[models]`
2025-10-07 16:00:45,113:WARNING:
'catboost' is a soft dependency and not included in the pycaret installation. Please run: `pip install catboost` to install.
Alternately, you can install this by running `pip install pycaret[models]`
2025-10-07 16:00:45,113:INFO:Engine for model 'lasso' has not been set explicitly, hence returning None.
2025-10-07 16:00:45,115:INFO:Engine for model 'ridge' has not been set explicitly, hence returning None.
2025-10-07 16:00:45,116:INFO:Engine for model 'en' has not been set explicitly, hence returning None.
2025-10-07 16:00:45,747:INFO:Engine for model 'svm' has not been set explicitly, hence returning None.
2025-10-07 16:00:45,759:INFO:Engine for model 'knn' has not been set explicitly, hence returning None.
2025-10-07 16:00:45,759:WARNING:
'xgboost' is a soft dependency and not included in the pycaret installation. Please run: `pip install xgboost` to install.
Alternately, you can install this by running `pip install pycaret[models]`
2025-10-07 16:00:45,759:WARNING:
'catboost' is a soft dependency and not included in the pycaret installation. Please run: `pip install catboost` to install.
Alternately, you can install this by running `pip install pycaret[models]`
2025-10-07 16:00:45,759:INFO:Engine successfully changes for model 'lasso' to 'sklearn'.
2025-10-07 16:00:45,761:INFO:Engine for model 'ridge' has not been set explicitly, hence returning None.
2025-10-07 16:00:45,762:INFO:Engine for model 'en' has not been set explicitly, hence returning None.
2025-10-07 16:00:46,396:INFO:Engine for model 'svm' has not been set explicitly, hence returning None.
2025-10-07 16:00:46,408:INFO:Engine for model 'knn' has not been set explicitly, hence returning None.
2025-10-07 16:00:46,408:WARNING:
'xgboost' is a soft dependency and not included in the pycaret installation. Please run: `pip install xgboost` to install.
Alternately, you can install this by running `pip install pycaret[models]`
2025-10-07 16:00:46,409:WARNING:
'catboost' is a soft dependency and not included in the pycaret installation. Please run: `pip install catboost` to install.
Alternately, you can install this by running `pip install pycaret[models]`
2025-10-07 16:00:46,410:INFO:Engine for model 'ridge' has not been set explicitly, hence returning None.
2025-10-07 16:00:46,411:INFO:Engine for model 'en' has not been set explicitly, hence returning None.
2025-10-07 16:00:47,041:INFO:Engine for model 'svm' has not been set explicitly, hence returning None.
2025-10-07 16:00:47,054:INFO:Engine for model 'knn' has not been set explicitly, hence returning None.
2025-10-07 16:00:47,054:WARNING:
'xgboost' is a soft dependency and not included in the pycaret installation. Please run: `pip install xgboost` to install.
Alternately, you can install this by running `pip install pycaret[models]`
2025-10-07 16:00:47,055:WARNING:
'catboost' is a soft dependency and not included in the pycaret installation. Please run: `pip install catboost` to install.
Alternately, you can install this by running `pip install pycaret[models]`
2025-10-07 16:00:47,055:INFO:Engine successfully changes for model 'ridge' to 'sklearn'.
2025-10-07 16:00:47,057:INFO:Engine for model 'en' has not been set explicitly, hence returning None.
2025-10-07 16:00:47,688:INFO:Engine for model 'svm' has not been set explicitly, hence returning None.
2025-10-07 16:00:47,701:INFO:Engine for model 'knn' has not been set explicitly, hence returning None.
2025-10-07 16:00:47,701:WARNING:
'xgboost' is a soft dependency and not included in the pycaret installation. Please run: `pip install xgboost` to install.
Alternately, you can install this by running `pip install pycaret[models]`
2025-10-07 16:00:47,701:WARNING:
'catboost' is a soft dependency and not included in the pycaret installation. Please run: `pip install catboost` to install.
Alternately, you can install this by running `pip install pycaret[models]`
2025-10-07 16:00:47,704:INFO:Engine for model 'en' has not been set explicitly, hence returning None.
2025-10-07 16:00:48,335:INFO:Engine for model 'svm' has not been set explicitly, hence returning None.
2025-10-07 16:00:48,348:INFO:Engine for model 'knn' has not been set explicitly, hence returning None.
2025-10-07 16:00:48,348:WARNING:
'xgboost' is a soft dependency and not included in the pycaret installation. Please run: `pip install xgboost` to install.
Alternately, you can install this by running `pip install pycaret[models]`
2025-10-07 16:00:48,348:WARNING:
'catboost' is a soft dependency and not included in the pycaret installation. Please run: `pip install catboost` to install.
Alternately, you can install this by running `pip install pycaret[models]`
2025-10-07 16:00:48,348:INFO:Engine successfully changes for model 'en' to 'sklearn'.
2025-10-07 16:00:48,987:INFO:Engine for model 'svm' has not been set explicitly, hence returning None.
2025-10-07 16:00:49,000:INFO:Engine for model 'knn' has not been set explicitly, hence returning None.
2025-10-07 16:00:49,000:WARNING:
'xgboost' is a soft dependency and not included in the pycaret installation. Please run: `pip install xgboost` to install.
Alternately, you can install this by running `pip install pycaret[models]`
2025-10-07 16:00:49,000:WARNING:
'catboost' is a soft dependency and not included in the pycaret installation. Please run: `pip install catboost` to install.
Alternately, you can install this by running `pip install pycaret[models]`
2025-10-07 16:00:49,637:INFO:Engine for model 'svm' has not been set explicitly, hence returning None.
2025-10-07 16:00:49,650:INFO:Engine for model 'knn' has not been set explicitly, hence returning None.
2025-10-07 16:00:49,650:WARNING:
'xgboost' is a soft dependency and not included in the pycaret installation. Please run: `pip install xgboost` to install.
Alternately, you can install this by running `pip install pycaret[models]`
2025-10-07 16:00:49,650:WARNING:
'catboost' is a soft dependency and not included in the pycaret installation. Please run: `pip install catboost` to install.
Alternately, you can install this by running `pip install pycaret[models]`
2025-10-07 16:00:49,650:INFO:Engine successfully changes for model 'knn' to 'sklearn'.
2025-10-07 16:00:50,290:INFO:Engine for model 'svm' has not been set explicitly, hence returning None.
2025-10-07 16:00:50,302:WARNING:
'xgboost' is a soft dependency and not included in the pycaret installation. Please run: `pip install xgboost` to install.
Alternately, you can install this by running `pip install pycaret[models]`
2025-10-07 16:00:50,302:WARNING:
'catboost' is a soft dependency and not included in the pycaret installation. Please run: `pip install catboost` to install.
Alternately, you can install this by running `pip install pycaret[models]`
2025-10-07 16:00:50,939:INFO:Engine for model 'svm' has not been set explicitly, hence returning None.
2025-10-07 16:00:50,952:WARNING:
'xgboost' is a soft dependency and not included in the pycaret installation. Please run: `pip install xgboost` to install.
Alternately, you can install this by running `pip install pycaret[models]`
2025-10-07 16:00:50,952:WARNING:
'catboost' is a soft dependency and not included in the pycaret installation. Please run: `pip install catboost` to install.
Alternately, you can install this by running `pip install pycaret[models]`
2025-10-07 16:00:50,952:INFO:Engine successfully changes for model 'svm' to 'sklearn'.
2025-10-07 16:00:51,600:WARNING:
'xgboost' is a soft dependency and not included in the pycaret installation. Please run: `pip install xgboost` to install.
Alternately, you can install this by running `pip install pycaret[models]`
2025-10-07 16:00:51,600:WARNING:
'catboost' is a soft dependency and not included in the pycaret installation. Please run: `pip install catboost` to install.
Alternately, you can install this by running `pip install pycaret[models]`
2025-10-07 16:00:52,248:WARNING:
'xgboost' is a soft dependency and not included in the pycaret installation. Please run: `pip install xgboost` to install.
Alternately, you can install this by running `pip install pycaret[models]`
2025-10-07 16:00:52,248:WARNING:
'catboost' is a soft dependency and not included in the pycaret installation. Please run: `pip install catboost` to install.
Alternately, you can install this by running `pip install pycaret[models]`
2025-10-07 16:00:52,249:INFO:Preparing preprocessing pipeline...
2025-10-07 16:00:52,249:INFO:Set up simple imputation.
2025-10-07 16:00:52,249:INFO:Set up feature normalization.
2025-10-07 16:00:52,354:INFO:Set up column name cleaning.
2025-10-07 16:00:55,744:INFO:Finished creating preprocessing pipeline.
2025-10-07 16:00:55,747:INFO:Pipeline: Pipeline(memory=FastMemory(location=/var/folders/jm/5g44p7251fd2fl0xyj35jn300000gn/T/joblib),
         steps=[('numerical_imputer',
                 TransformerWrapper(include=['id', 'Episode_Length_minutes',
                                             'Host_Popularity_percentage',
                                             'Guest_Popularity_percentage',
                                             'Number_of_Ads',
                                             'Podcast_Name_Brain Boost',
                                             'Podcast_Name_Business Briefs',
                                             'Podcast_Name_Business Insights',
                                             'Podcast...
                                             'Podcast_Name_Innovators',
                                             'Podcast_Name_Joke Junction',
                                             'Podcast_Name_Laugh Line', ...],
                                    transformer=SimpleImputer())),
                ('categorical_imputer',
                 TransformerWrapper(include=[],
                                    transformer=SimpleImputer(strategy='most_frequent'))),
                ('normalize', TransformerWrapper(transformer=StandardScaler())),
                ('clean_column_names',
                 TransformerWrapper(transformer=CleanColumnNames()))])
2025-10-07 16:00:55,747:INFO:Creating final display dataframe.
2025-10-07 16:01:01,121:INFO:Setup _display_container:                     Description                   Value
0                    Session id                      42
1                        Target  Listening_Time_minutes
2                   Target type              Regression
3           Original data shape           (750000, 172)
4        Transformed data shape           (750000, 172)
5   Transformed train set shape           (525000, 172)
6    Transformed test set shape           (225000, 172)
7              Numeric features                     171
8      Rows with missing values                   28.1%
9                    Preprocess                    True
10              Imputation type                  simple
11           Numeric imputation                    mean
12       Categorical imputation                    mode
13                    Normalize                    True
14             Normalize method                  zscore
15               Fold Generator                   KFold
16                  Fold Number                       5
17                     CPU Jobs                      -1
18                      Use GPU                   False
19               Log Experiment                   False
20              Experiment Name        reg-default-name
21                          USI                    f5ac
2025-10-07 16:01:01,797:WARNING:
'xgboost' is a soft dependency and not included in the pycaret installation. Please run: `pip install xgboost` to install.
Alternately, you can install this by running `pip install pycaret[models]`
2025-10-07 16:01:01,797:WARNING:
'catboost' is a soft dependency and not included in the pycaret installation. Please run: `pip install catboost` to install.
Alternately, you can install this by running `pip install pycaret[models]`
2025-10-07 16:01:02,450:WARNING:
'xgboost' is a soft dependency and not included in the pycaret installation. Please run: `pip install xgboost` to install.
Alternately, you can install this by running `pip install pycaret[models]`
2025-10-07 16:01:02,450:WARNING:
'catboost' is a soft dependency and not included in the pycaret installation. Please run: `pip install catboost` to install.
Alternately, you can install this by running `pip install pycaret[models]`
2025-10-07 16:01:02,450:INFO:setup() successfully completed in 20.82s...............
2025-10-07 16:01:41,486:INFO:Initializing compare_models()
2025-10-07 16:01:41,486:INFO:compare_models(self=<pycaret.regression.oop.RegressionExperiment object at 0x317364f90>, include=None, exclude=None, fold=None, round=4, cross_validation=True, sort=RMSE, n_select=1, budget_time=None, turbo=True, errors=ignore, fit_kwargs=None, groups=None, experiment_custom_tags=None, probability_threshold=None, verbose=True, parallel=None, caller_params={'self': <pycaret.regression.oop.RegressionExperiment object at 0x317364f90>, 'include': None, 'exclude': None, 'fold': None, 'round': 4, 'cross_validation': True, 'sort': 'RMSE', 'n_select': 1, 'budget_time': None, 'turbo': True, 'errors': 'ignore', 'fit_kwargs': None, 'groups': None, 'experiment_custom_tags': None, 'engine': None, 'verbose': True, 'parallel': None, '__class__': <class 'pycaret.regression.oop.RegressionExperiment'>})
2025-10-07 16:01:41,487:INFO:Checking exceptions
2025-10-07 16:01:41,803:INFO:Preparing display monitor
2025-10-07 16:01:42,553:INFO:Initializing Linear Regression
2025-10-07 16:01:42,554:INFO:Total runtime is 2.8649965922037762e-06 minutes
2025-10-07 16:01:42,555:INFO:SubProcess create_model() called ==================================
2025-10-07 16:01:42,555:INFO:Initializing create_model()
2025-10-07 16:01:42,555:INFO:create_model(self=<pycaret.regression.oop.RegressionExperiment object at 0x317364f90>, estimator=lr, fold=KFold(n_splits=5, random_state=None, shuffle=False), round=4, cross_validation=True, predict=True, fit_kwargs={}, groups=None, refit=False, probability_threshold=None, experiment_custom_tags=None, verbose=False, system=False, add_to_model_list=True, metrics=None, display=<pycaret.internal.display.display.CommonDisplay object at 0x343845350>, model_only=True, return_train_score=False, error_score=0.0, kwargs={})
2025-10-07 16:01:42,555:INFO:Checking exceptions
2025-10-07 16:01:42,555:INFO:Importing libraries
2025-10-07 16:01:42,555:INFO:Copying training dataset
2025-10-07 16:01:43,408:INFO:Defining folds
2025-10-07 16:01:43,408:INFO:Declaring metric variables
2025-10-07 16:01:43,409:INFO:Importing untrained model
2025-10-07 16:01:43,410:INFO:Linear Regression Imported successfully
2025-10-07 16:01:43,411:INFO:Starting cross validation
2025-10-07 16:01:43,416:INFO:Cross validating with KFold(n_splits=5, random_state=None, shuffle=False), n_jobs=-1
2025-10-07 16:02:02,624:INFO:Calculating mean and std
2025-10-07 16:02:02,627:INFO:Creating metrics dataframe
2025-10-07 16:02:02,630:INFO:Uploading results into container
2025-10-07 16:02:02,630:INFO:Uploading model into container now
2025-10-07 16:02:02,631:INFO:_master_model_container: 1
2025-10-07 16:02:02,631:INFO:_display_container: 2
2025-10-07 16:02:02,631:INFO:LinearRegression(n_jobs=-1)
2025-10-07 16:02:02,631:INFO:create_model() successfully completed......................................
2025-10-07 16:02:02,694:INFO:SubProcess create_model() end ==================================
2025-10-07 16:02:02,694:INFO:Creating metrics dataframe
2025-10-07 16:02:02,696:INFO:Initializing Lasso Regression
2025-10-07 16:02:02,696:INFO:Total runtime is 0.33571289777755736 minutes
2025-10-07 16:02:02,697:INFO:SubProcess create_model() called ==================================
2025-10-07 16:02:02,697:INFO:Initializing create_model()
2025-10-07 16:02:02,697:INFO:create_model(self=<pycaret.regression.oop.RegressionExperiment object at 0x317364f90>, estimator=lasso, fold=KFold(n_splits=5, random_state=None, shuffle=False), round=4, cross_validation=True, predict=True, fit_kwargs={}, groups=None, refit=False, probability_threshold=None, experiment_custom_tags=None, verbose=False, system=False, add_to_model_list=True, metrics=None, display=<pycaret.internal.display.display.CommonDisplay object at 0x343845350>, model_only=True, return_train_score=False, error_score=0.0, kwargs={})
2025-10-07 16:02:02,697:INFO:Checking exceptions
2025-10-07 16:02:02,698:INFO:Importing libraries
2025-10-07 16:02:02,698:INFO:Copying training dataset
2025-10-07 16:02:03,583:INFO:Defining folds
2025-10-07 16:02:03,583:INFO:Declaring metric variables
2025-10-07 16:02:03,585:INFO:Importing untrained model
2025-10-07 16:02:03,586:INFO:Lasso Regression Imported successfully
2025-10-07 16:02:03,587:INFO:Starting cross validation
2025-10-07 16:02:03,588:INFO:Cross validating with KFold(n_splits=5, random_state=None, shuffle=False), n_jobs=-1
2025-10-07 16:13:30,853:WARNING:
'cuml' is a soft dependency and not included in the pycaret installation. Please run: `pip install cuml` to install.
2025-10-07 16:13:30,853:WARNING:
'cuml' is a soft dependency and not included in the pycaret installation. Please run: `pip install cuml` to install.
2025-10-07 16:13:30,853:WARNING:
'cuml' is a soft dependency and not included in the pycaret installation. Please run: `pip install cuml` to install.
2025-10-07 16:13:30,853:WARNING:
'cuml' is a soft dependency and not included in the pycaret installation. Please run: `pip install cuml` to install.
2025-10-07 16:13:51,111:INFO:PyCaret RegressionExperiment
2025-10-07 16:13:51,111:INFO:Logging name: reg-default-name
2025-10-07 16:13:51,112:INFO:ML Usecase: MLUsecase.REGRESSION
2025-10-07 16:13:51,112:INFO:version 3.3.2
2025-10-07 16:13:51,112:INFO:Initializing setup()
2025-10-07 16:13:51,112:INFO:self.USI: fa6e
2025-10-07 16:13:51,112:INFO:self._variable_keys: {'y', 'X_train', 'gpu_param', '_ml_usecase', 'exp_id', 'y_test', 'X_test', 'seed', 'X', 'transform_target_param', 'exp_name_log', 'data', 'fold_shuffle_param', 'fold_generator', 'html_param', 'logging_param', 'memory', 'y_train', 'n_jobs_param', '_available_plots', 'target_param', 'USI', 'fold_groups_param', 'idx', 'log_plots_param', 'gpu_n_jobs_param', 'pipeline'}
2025-10-07 16:13:51,112:INFO:Checking environment
2025-10-07 16:13:51,115:INFO:python_version: 3.11.13
2025-10-07 16:13:51,116:INFO:python_build: ('main', 'Jun  5 2025 08:21:08')
2025-10-07 16:13:51,116:INFO:machine: arm64
2025-10-07 16:13:51,116:INFO:platform: macOS-15.6.1-arm64-arm-64bit
2025-10-07 16:13:51,116:INFO:Memory: svmem(total=17179869184, available=5545558016, percent=67.7, used=6379503616, free=1484570624, active=4081238016, inactive=4007886848, wired=2298265600)
2025-10-07 16:13:51,116:INFO:Physical Core: 10
2025-10-07 16:13:51,116:INFO:Logical Core: 10
2025-10-07 16:13:51,116:INFO:Checking libraries
2025-10-07 16:13:51,116:INFO:System:
2025-10-07 16:13:51,116:INFO:    python: 3.11.13 (main, Jun  5 2025, 08:21:08) [Clang 14.0.6 ]
2025-10-07 16:13:51,116:INFO:executable: /Users/alperozarslan/miniconda3/envs/pycaret_env/bin/python
2025-10-07 16:13:51,116:INFO:   machine: macOS-15.6.1-arm64-arm-64bit
2025-10-07 16:13:51,116:INFO:PyCaret required dependencies:
2025-10-07 16:13:51,145:INFO:                 pip: 25.2
2025-10-07 16:13:51,145:INFO:          setuptools: 78.1.1
2025-10-07 16:13:51,145:INFO:             pycaret: 3.3.2
2025-10-07 16:13:51,145:INFO:             IPython: 9.6.0
2025-10-07 16:13:51,145:INFO:          ipywidgets: 8.1.7
2025-10-07 16:13:51,145:INFO:                tqdm: 4.67.1
2025-10-07 16:13:51,145:INFO:               numpy: 1.26.4
2025-10-07 16:13:51,146:INFO:              pandas: 2.1.4
2025-10-07 16:13:51,146:INFO:              jinja2: 3.1.6
2025-10-07 16:13:51,146:INFO:               scipy: 1.11.4
2025-10-07 16:13:51,146:INFO:              joblib: 1.3.2
2025-10-07 16:13:51,146:INFO:             sklearn: 1.4.2
2025-10-07 16:13:51,146:INFO:                pyod: 2.0.5
2025-10-07 16:13:51,146:INFO:            imblearn: 0.14.0
2025-10-07 16:13:51,146:INFO:   category_encoders: 2.7.0
2025-10-07 16:13:51,146:INFO:            lightgbm: 4.6.0
2025-10-07 16:13:51,146:INFO:               numba: 0.62.1
2025-10-07 16:13:51,146:INFO:            requests: 2.32.5
2025-10-07 16:13:51,146:INFO:          matplotlib: 3.7.5
2025-10-07 16:13:51,146:INFO:          scikitplot: 0.3.7
2025-10-07 16:13:51,146:INFO:         yellowbrick: 1.5
2025-10-07 16:13:51,146:INFO:              plotly: 6.3.1
2025-10-07 16:13:51,146:INFO:    plotly-resampler: Not installed
2025-10-07 16:13:51,146:INFO:             kaleido: 1.1.0
2025-10-07 16:13:51,146:INFO:           schemdraw: 0.15
2025-10-07 16:13:51,146:INFO:         statsmodels: 0.14.5
2025-10-07 16:13:51,146:INFO:              sktime: 0.26.0
2025-10-07 16:13:51,146:INFO:               tbats: 1.1.3
2025-10-07 16:13:51,146:INFO:            pmdarima: 2.0.4
2025-10-07 16:13:51,146:INFO:              psutil: 7.1.0
2025-10-07 16:13:51,146:INFO:          markupsafe: 3.0.3
2025-10-07 16:13:51,146:INFO:             pickle5: Not installed
2025-10-07 16:13:51,146:INFO:         cloudpickle: 3.1.1
2025-10-07 16:13:51,146:INFO:         deprecation: 2.1.0
2025-10-07 16:13:51,146:INFO:              xxhash: 3.6.0
2025-10-07 16:13:51,146:INFO:           wurlitzer: 3.1.1
2025-10-07 16:13:51,146:INFO:PyCaret optional dependencies:
2025-10-07 16:13:51,150:INFO:                shap: Not installed
2025-10-07 16:13:51,150:INFO:           interpret: Not installed
2025-10-07 16:13:51,150:INFO:                umap: Not installed
2025-10-07 16:13:51,150:INFO:     ydata_profiling: Not installed
2025-10-07 16:13:51,150:INFO:  explainerdashboard: Not installed
2025-10-07 16:13:51,150:INFO:             autoviz: Not installed
2025-10-07 16:13:51,150:INFO:           fairlearn: Not installed
2025-10-07 16:13:51,150:INFO:          deepchecks: Not installed
2025-10-07 16:13:51,150:INFO:             xgboost: Not installed
2025-10-07 16:13:51,150:INFO:            catboost: Not installed
2025-10-07 16:13:51,150:INFO:              kmodes: Not installed
2025-10-07 16:13:51,150:INFO:             mlxtend: Not installed
2025-10-07 16:13:51,150:INFO:       statsforecast: Not installed
2025-10-07 16:13:51,150:INFO:        tune_sklearn: Not installed
2025-10-07 16:13:51,150:INFO:                 ray: Not installed
2025-10-07 16:13:51,150:INFO:            hyperopt: Not installed
2025-10-07 16:13:51,150:INFO:              optuna: Not installed
2025-10-07 16:13:51,150:INFO:               skopt: Not installed
2025-10-07 16:13:51,150:INFO:              mlflow: Not installed
2025-10-07 16:13:51,150:INFO:              gradio: Not installed
2025-10-07 16:13:51,150:INFO:             fastapi: Not installed
2025-10-07 16:13:51,150:INFO:             uvicorn: Not installed
2025-10-07 16:13:51,150:INFO:              m2cgen: Not installed
2025-10-07 16:13:51,150:INFO:           evidently: Not installed
2025-10-07 16:13:51,150:INFO:               fugue: Not installed
2025-10-07 16:13:51,150:INFO:           streamlit: Not installed
2025-10-07 16:13:51,150:INFO:             prophet: Not installed
2025-10-07 16:13:51,150:INFO:None
2025-10-07 16:13:51,150:INFO:Set up data.
2025-10-07 16:13:51,991:INFO:Set up folding strategy.
2025-10-07 16:13:51,991:INFO:Set up train/test split.
2025-10-07 16:13:52,529:INFO:Set up index.
2025-10-07 16:13:52,537:INFO:Assigning column types.
2025-10-07 16:13:53,176:INFO:Engine successfully changes for model 'lr' to 'sklearn'.
2025-10-07 16:13:53,176:INFO:Engine for model 'lasso' has not been set explicitly, hence returning None.
2025-10-07 16:13:53,177:INFO:Engine for model 'ridge' has not been set explicitly, hence returning None.
2025-10-07 16:13:53,178:INFO:Engine for model 'en' has not been set explicitly, hence returning None.
2025-10-07 16:13:53,802:INFO:Engine for model 'svm' has not been set explicitly, hence returning None.
2025-10-07 16:13:53,813:INFO:Engine for model 'knn' has not been set explicitly, hence returning None.
2025-10-07 16:13:53,814:WARNING:
'xgboost' is a soft dependency and not included in the pycaret installation. Please run: `pip install xgboost` to install.
Alternately, you can install this by running `pip install pycaret[models]`
2025-10-07 16:13:53,814:WARNING:
'catboost' is a soft dependency and not included in the pycaret installation. Please run: `pip install catboost` to install.
Alternately, you can install this by running `pip install pycaret[models]`
2025-10-07 16:13:53,814:INFO:Engine for model 'lasso' has not been set explicitly, hence returning None.
2025-10-07 16:13:53,815:INFO:Engine for model 'ridge' has not been set explicitly, hence returning None.
2025-10-07 16:13:53,816:INFO:Engine for model 'en' has not been set explicitly, hence returning None.
2025-10-07 16:13:54,442:INFO:Engine for model 'svm' has not been set explicitly, hence returning None.
2025-10-07 16:13:54,455:INFO:Engine for model 'knn' has not been set explicitly, hence returning None.
2025-10-07 16:13:54,455:WARNING:
'xgboost' is a soft dependency and not included in the pycaret installation. Please run: `pip install xgboost` to install.
Alternately, you can install this by running `pip install pycaret[models]`
2025-10-07 16:13:54,455:WARNING:
'catboost' is a soft dependency and not included in the pycaret installation. Please run: `pip install catboost` to install.
Alternately, you can install this by running `pip install pycaret[models]`
2025-10-07 16:13:54,455:INFO:Engine successfully changes for model 'lasso' to 'sklearn'.
2025-10-07 16:13:54,456:INFO:Engine for model 'ridge' has not been set explicitly, hence returning None.
2025-10-07 16:13:54,457:INFO:Engine for model 'en' has not been set explicitly, hence returning None.
2025-10-07 16:13:55,085:INFO:Engine for model 'svm' has not been set explicitly, hence returning None.
2025-10-07 16:13:55,098:INFO:Engine for model 'knn' has not been set explicitly, hence returning None.
2025-10-07 16:13:55,098:WARNING:
'xgboost' is a soft dependency and not included in the pycaret installation. Please run: `pip install xgboost` to install.
Alternately, you can install this by running `pip install pycaret[models]`
2025-10-07 16:13:55,098:WARNING:
'catboost' is a soft dependency and not included in the pycaret installation. Please run: `pip install catboost` to install.
Alternately, you can install this by running `pip install pycaret[models]`
2025-10-07 16:13:55,099:INFO:Engine for model 'ridge' has not been set explicitly, hence returning None.
2025-10-07 16:13:55,101:INFO:Engine for model 'en' has not been set explicitly, hence returning None.
2025-10-07 16:13:55,726:INFO:Engine for model 'svm' has not been set explicitly, hence returning None.
2025-10-07 16:13:55,739:INFO:Engine for model 'knn' has not been set explicitly, hence returning None.
2025-10-07 16:13:55,739:WARNING:
'xgboost' is a soft dependency and not included in the pycaret installation. Please run: `pip install xgboost` to install.
Alternately, you can install this by running `pip install pycaret[models]`
2025-10-07 16:13:55,739:WARNING:
'catboost' is a soft dependency and not included in the pycaret installation. Please run: `pip install catboost` to install.
Alternately, you can install this by running `pip install pycaret[models]`
2025-10-07 16:13:55,739:INFO:Engine successfully changes for model 'ridge' to 'sklearn'.
2025-10-07 16:13:55,742:INFO:Engine for model 'en' has not been set explicitly, hence returning None.
2025-10-07 16:13:56,370:INFO:Engine for model 'svm' has not been set explicitly, hence returning None.
2025-10-07 16:13:56,383:INFO:Engine for model 'knn' has not been set explicitly, hence returning None.
2025-10-07 16:13:56,383:WARNING:
'xgboost' is a soft dependency and not included in the pycaret installation. Please run: `pip install xgboost` to install.
Alternately, you can install this by running `pip install pycaret[models]`
2025-10-07 16:13:56,383:WARNING:
'catboost' is a soft dependency and not included in the pycaret installation. Please run: `pip install catboost` to install.
Alternately, you can install this by running `pip install pycaret[models]`
2025-10-07 16:13:56,386:INFO:Engine for model 'en' has not been set explicitly, hence returning None.
2025-10-07 16:13:57,010:INFO:Engine for model 'svm' has not been set explicitly, hence returning None.
2025-10-07 16:13:57,023:INFO:Engine for model 'knn' has not been set explicitly, hence returning None.
2025-10-07 16:13:57,023:WARNING:
'xgboost' is a soft dependency and not included in the pycaret installation. Please run: `pip install xgboost` to install.
Alternately, you can install this by running `pip install pycaret[models]`
2025-10-07 16:13:57,023:WARNING:
'catboost' is a soft dependency and not included in the pycaret installation. Please run: `pip install catboost` to install.
Alternately, you can install this by running `pip install pycaret[models]`
2025-10-07 16:13:57,023:INFO:Engine successfully changes for model 'en' to 'sklearn'.
2025-10-07 16:13:57,656:INFO:Engine for model 'svm' has not been set explicitly, hence returning None.
2025-10-07 16:13:57,668:INFO:Engine for model 'knn' has not been set explicitly, hence returning None.
2025-10-07 16:13:57,668:WARNING:
'xgboost' is a soft dependency and not included in the pycaret installation. Please run: `pip install xgboost` to install.
Alternately, you can install this by running `pip install pycaret[models]`
2025-10-07 16:13:57,668:WARNING:
'catboost' is a soft dependency and not included in the pycaret installation. Please run: `pip install catboost` to install.
Alternately, you can install this by running `pip install pycaret[models]`
2025-10-07 16:13:58,298:INFO:Engine for model 'svm' has not been set explicitly, hence returning None.
2025-10-07 16:13:58,311:INFO:Engine for model 'knn' has not been set explicitly, hence returning None.
2025-10-07 16:13:58,311:WARNING:
'xgboost' is a soft dependency and not included in the pycaret installation. Please run: `pip install xgboost` to install.
Alternately, you can install this by running `pip install pycaret[models]`
2025-10-07 16:13:58,311:WARNING:
'catboost' is a soft dependency and not included in the pycaret installation. Please run: `pip install catboost` to install.
Alternately, you can install this by running `pip install pycaret[models]`
2025-10-07 16:13:58,311:INFO:Engine successfully changes for model 'knn' to 'sklearn'.
2025-10-07 16:13:58,940:INFO:Engine for model 'svm' has not been set explicitly, hence returning None.
2025-10-07 16:13:58,953:WARNING:
'xgboost' is a soft dependency and not included in the pycaret installation. Please run: `pip install xgboost` to install.
Alternately, you can install this by running `pip install pycaret[models]`
2025-10-07 16:13:58,953:WARNING:
'catboost' is a soft dependency and not included in the pycaret installation. Please run: `pip install catboost` to install.
Alternately, you can install this by running `pip install pycaret[models]`
2025-10-07 16:13:59,586:INFO:Engine for model 'svm' has not been set explicitly, hence returning None.
2025-10-07 16:13:59,599:WARNING:
'xgboost' is a soft dependency and not included in the pycaret installation. Please run: `pip install xgboost` to install.
Alternately, you can install this by running `pip install pycaret[models]`
2025-10-07 16:13:59,599:WARNING:
'catboost' is a soft dependency and not included in the pycaret installation. Please run: `pip install catboost` to install.
Alternately, you can install this by running `pip install pycaret[models]`
2025-10-07 16:13:59,599:INFO:Engine successfully changes for model 'svm' to 'sklearn'.
2025-10-07 16:14:00,245:WARNING:
'xgboost' is a soft dependency and not included in the pycaret installation. Please run: `pip install xgboost` to install.
Alternately, you can install this by running `pip install pycaret[models]`
2025-10-07 16:14:00,245:WARNING:
'catboost' is a soft dependency and not included in the pycaret installation. Please run: `pip install catboost` to install.
Alternately, you can install this by running `pip install pycaret[models]`
2025-10-07 16:14:00,891:WARNING:
'xgboost' is a soft dependency and not included in the pycaret installation. Please run: `pip install xgboost` to install.
Alternately, you can install this by running `pip install pycaret[models]`
2025-10-07 16:14:00,891:WARNING:
'catboost' is a soft dependency and not included in the pycaret installation. Please run: `pip install catboost` to install.
Alternately, you can install this by running `pip install pycaret[models]`
2025-10-07 16:14:00,893:INFO:Preparing preprocessing pipeline...
2025-10-07 16:14:00,893:INFO:Set up simple imputation.
2025-10-07 16:14:00,893:INFO:Set up feature normalization.
2025-10-07 16:14:00,997:INFO:Set up column name cleaning.
2025-10-07 16:14:02,863:INFO:Finished creating preprocessing pipeline.
2025-10-07 16:14:02,866:INFO:Pipeline: Pipeline(memory=FastMemory(location=/var/folders/jm/5g44p7251fd2fl0xyj35jn300000gn/T/joblib),
         steps=[('numerical_imputer',
                 TransformerWrapper(include=['id', 'Episode_Length_minutes',
                                             'Host_Popularity_percentage',
                                             'Guest_Popularity_percentage',
                                             'Number_of_Ads',
                                             'Podcast_Name_Brain Boost',
                                             'Podcast_Name_Business Briefs',
                                             'Podcast_Name_Business Insights',
                                             'Podcast...
                                             'Podcast_Name_Innovators',
                                             'Podcast_Name_Joke Junction',
                                             'Podcast_Name_Laugh Line', ...],
                                    transformer=SimpleImputer())),
                ('categorical_imputer',
                 TransformerWrapper(include=[],
                                    transformer=SimpleImputer(strategy='most_frequent'))),
                ('normalize', TransformerWrapper(transformer=StandardScaler())),
                ('clean_column_names',
                 TransformerWrapper(transformer=CleanColumnNames()))])
2025-10-07 16:14:02,866:INFO:Creating final display dataframe.
2025-10-07 16:14:05,718:INFO:Setup _display_container:                     Description                   Value
0                    Session id                      42
1                        Target  Listening_Time_minutes
2                   Target type              Regression
3           Original data shape           (750000, 172)
4        Transformed data shape           (750000, 172)
5   Transformed train set shape           (525000, 172)
6    Transformed test set shape           (225000, 172)
7              Numeric features                     171
8      Rows with missing values                   28.1%
9                    Preprocess                    True
10              Imputation type                  simple
11           Numeric imputation                    mean
12       Categorical imputation                    mode
13                    Normalize                    True
14             Normalize method                  zscore
15               Fold Generator                   KFold
16                  Fold Number                       5
17                     CPU Jobs                       1
18                      Use GPU                   False
19               Log Experiment                   False
20              Experiment Name        reg-default-name
21                          USI                    fa6e
2025-10-07 16:14:06,382:WARNING:
'xgboost' is a soft dependency and not included in the pycaret installation. Please run: `pip install xgboost` to install.
Alternately, you can install this by running `pip install pycaret[models]`
2025-10-07 16:14:06,382:WARNING:
'catboost' is a soft dependency and not included in the pycaret installation. Please run: `pip install catboost` to install.
Alternately, you can install this by running `pip install pycaret[models]`
2025-10-07 16:14:07,039:WARNING:
'xgboost' is a soft dependency and not included in the pycaret installation. Please run: `pip install xgboost` to install.
Alternately, you can install this by running `pip install pycaret[models]`
2025-10-07 16:14:07,039:WARNING:
'catboost' is a soft dependency and not included in the pycaret installation. Please run: `pip install catboost` to install.
Alternately, you can install this by running `pip install pycaret[models]`
2025-10-07 16:14:07,039:INFO:setup() successfully completed in 15.94s...............
2025-10-07 16:15:29,485:INFO:Initializing compare_models()
2025-10-07 16:15:29,486:INFO:compare_models(self=<pycaret.regression.oop.RegressionExperiment object at 0x34894cb10>, include=None, exclude=None, fold=None, round=4, cross_validation=True, sort=RMSE, n_select=1, budget_time=None, turbo=True, errors=ignore, fit_kwargs=None, groups=None, experiment_custom_tags=None, probability_threshold=None, verbose=True, parallel=None, caller_params={'self': <pycaret.regression.oop.RegressionExperiment object at 0x34894cb10>, 'include': None, 'exclude': None, 'fold': None, 'round': 4, 'cross_validation': True, 'sort': 'RMSE', 'n_select': 1, 'budget_time': None, 'turbo': True, 'errors': 'ignore', 'fit_kwargs': None, 'groups': None, 'experiment_custom_tags': None, 'engine': None, 'verbose': True, 'parallel': None, '__class__': <class 'pycaret.regression.oop.RegressionExperiment'>})
2025-10-07 16:15:29,486:INFO:Checking exceptions
2025-10-07 16:15:29,802:INFO:Preparing display monitor
2025-10-07 16:15:29,850:INFO:Initializing Linear Regression
2025-10-07 16:15:29,850:INFO:Total runtime is 2.3881594340006512e-06 minutes
2025-10-07 16:15:29,852:INFO:SubProcess create_model() called ==================================
2025-10-07 16:15:29,852:INFO:Initializing create_model()
2025-10-07 16:15:29,852:INFO:create_model(self=<pycaret.regression.oop.RegressionExperiment object at 0x34894cb10>, estimator=lr, fold=KFold(n_splits=5, random_state=None, shuffle=False), round=4, cross_validation=True, predict=True, fit_kwargs={}, groups=None, refit=False, probability_threshold=None, experiment_custom_tags=None, verbose=False, system=False, add_to_model_list=True, metrics=None, display=<pycaret.internal.display.display.CommonDisplay object at 0x349040110>, model_only=True, return_train_score=False, error_score=0.0, kwargs={})
2025-10-07 16:15:29,852:INFO:Checking exceptions
2025-10-07 16:15:29,853:INFO:Importing libraries
2025-10-07 16:15:29,853:INFO:Copying training dataset
2025-10-07 16:15:30,706:INFO:Defining folds
2025-10-07 16:15:30,706:INFO:Declaring metric variables
2025-10-07 16:15:30,707:INFO:Importing untrained model
2025-10-07 16:15:30,708:INFO:Linear Regression Imported successfully
2025-10-07 16:15:30,710:INFO:Starting cross validation
2025-10-07 16:15:30,715:INFO:Cross validating with KFold(n_splits=5, random_state=None, shuffle=False), n_jobs=1
2025-10-07 16:15:49,018:INFO:Calculating mean and std
2025-10-07 16:15:49,019:INFO:Creating metrics dataframe
2025-10-07 16:15:49,024:INFO:Uploading results into container
2025-10-07 16:15:49,024:INFO:Uploading model into container now
2025-10-07 16:15:49,025:INFO:_master_model_container: 1
2025-10-07 16:15:49,025:INFO:_display_container: 2
2025-10-07 16:15:49,025:INFO:LinearRegression(n_jobs=1)
2025-10-07 16:15:49,025:INFO:create_model() successfully completed......................................
2025-10-07 16:15:49,108:INFO:SubProcess create_model() end ==================================
2025-10-07 16:15:49,108:INFO:Creating metrics dataframe
2025-10-07 16:15:49,116:INFO:Initializing Lasso Regression
2025-10-07 16:15:49,116:INFO:Total runtime is 0.32110081911087035 minutes
2025-10-07 16:15:49,119:INFO:SubProcess create_model() called ==================================
2025-10-07 16:15:49,120:INFO:Initializing create_model()
2025-10-07 16:15:49,120:INFO:create_model(self=<pycaret.regression.oop.RegressionExperiment object at 0x34894cb10>, estimator=lasso, fold=KFold(n_splits=5, random_state=None, shuffle=False), round=4, cross_validation=True, predict=True, fit_kwargs={}, groups=None, refit=False, probability_threshold=None, experiment_custom_tags=None, verbose=False, system=False, add_to_model_list=True, metrics=None, display=<pycaret.internal.display.display.CommonDisplay object at 0x349040110>, model_only=True, return_train_score=False, error_score=0.0, kwargs={})
2025-10-07 16:15:49,120:INFO:Checking exceptions
2025-10-07 16:15:49,120:INFO:Importing libraries
2025-10-07 16:15:49,120:INFO:Copying training dataset
2025-10-07 16:15:50,057:INFO:Defining folds
2025-10-07 16:15:50,057:INFO:Declaring metric variables
2025-10-07 16:15:50,058:INFO:Importing untrained model
2025-10-07 16:15:50,060:INFO:Lasso Regression Imported successfully
2025-10-07 16:15:50,062:INFO:Starting cross validation
2025-10-07 16:15:50,063:INFO:Cross validating with KFold(n_splits=5, random_state=None, shuffle=False), n_jobs=1
2025-10-07 16:16:00,378:INFO:Calculating mean and std
2025-10-07 16:16:00,379:INFO:Creating metrics dataframe
2025-10-07 16:16:00,380:INFO:Uploading results into container
2025-10-07 16:16:00,380:INFO:Uploading model into container now
2025-10-07 16:16:00,380:INFO:_master_model_container: 2
2025-10-07 16:16:00,380:INFO:_display_container: 2
2025-10-07 16:16:00,380:INFO:Lasso(random_state=42)
2025-10-07 16:16:00,380:INFO:create_model() successfully completed......................................
2025-10-07 16:16:00,437:INFO:SubProcess create_model() end ==================================
2025-10-07 16:16:00,437:INFO:Creating metrics dataframe
2025-10-07 16:16:00,443:INFO:Initializing Ridge Regression
2025-10-07 16:16:00,444:INFO:Total runtime is 0.5098864833513895 minutes
2025-10-07 16:16:00,447:INFO:SubProcess create_model() called ==================================
2025-10-07 16:16:00,447:INFO:Initializing create_model()
2025-10-07 16:16:00,447:INFO:create_model(self=<pycaret.regression.oop.RegressionExperiment object at 0x34894cb10>, estimator=ridge, fold=KFold(n_splits=5, random_state=None, shuffle=False), round=4, cross_validation=True, predict=True, fit_kwargs={}, groups=None, refit=False, probability_threshold=None, experiment_custom_tags=None, verbose=False, system=False, add_to_model_list=True, metrics=None, display=<pycaret.internal.display.display.CommonDisplay object at 0x349040110>, model_only=True, return_train_score=False, error_score=0.0, kwargs={})
2025-10-07 16:16:00,447:INFO:Checking exceptions
2025-10-07 16:16:00,447:INFO:Importing libraries
2025-10-07 16:16:00,447:INFO:Copying training dataset
2025-10-07 16:16:01,386:INFO:Defining folds
2025-10-07 16:16:01,386:INFO:Declaring metric variables
2025-10-07 16:16:01,388:INFO:Importing untrained model
2025-10-07 16:16:01,389:INFO:Ridge Regression Imported successfully
2025-10-07 16:16:01,391:INFO:Starting cross validation
2025-10-07 16:16:01,391:INFO:Cross validating with KFold(n_splits=5, random_state=None, shuffle=False), n_jobs=1
2025-10-07 16:16:13,339:INFO:Calculating mean and std
2025-10-07 16:16:13,340:INFO:Creating metrics dataframe
2025-10-07 16:16:13,341:INFO:Uploading results into container
2025-10-07 16:16:13,341:INFO:Uploading model into container now
2025-10-07 16:16:13,342:INFO:_master_model_container: 3
2025-10-07 16:16:13,342:INFO:_display_container: 2
2025-10-07 16:16:13,342:INFO:Ridge(random_state=42)
2025-10-07 16:16:13,342:INFO:create_model() successfully completed......................................
2025-10-07 16:16:13,413:INFO:SubProcess create_model() end ==================================
2025-10-07 16:16:13,413:INFO:Creating metrics dataframe
2025-10-07 16:16:13,425:INFO:Initializing Elastic Net
2025-10-07 16:16:13,425:INFO:Total runtime is 0.7262377818425496 minutes
2025-10-07 16:16:13,427:INFO:SubProcess create_model() called ==================================
2025-10-07 16:16:13,427:INFO:Initializing create_model()
2025-10-07 16:16:13,427:INFO:create_model(self=<pycaret.regression.oop.RegressionExperiment object at 0x34894cb10>, estimator=en, fold=KFold(n_splits=5, random_state=None, shuffle=False), round=4, cross_validation=True, predict=True, fit_kwargs={}, groups=None, refit=False, probability_threshold=None, experiment_custom_tags=None, verbose=False, system=False, add_to_model_list=True, metrics=None, display=<pycaret.internal.display.display.CommonDisplay object at 0x349040110>, model_only=True, return_train_score=False, error_score=0.0, kwargs={})
2025-10-07 16:16:13,427:INFO:Checking exceptions
2025-10-07 16:16:13,427:INFO:Importing libraries
2025-10-07 16:16:13,427:INFO:Copying training dataset
2025-10-07 16:16:14,374:INFO:Defining folds
2025-10-07 16:16:14,374:INFO:Declaring metric variables
2025-10-07 16:16:14,375:INFO:Importing untrained model
2025-10-07 16:16:14,377:INFO:Elastic Net Imported successfully
2025-10-07 16:16:14,378:INFO:Starting cross validation
2025-10-07 16:16:14,379:INFO:Cross validating with KFold(n_splits=5, random_state=None, shuffle=False), n_jobs=1
2025-10-07 16:16:24,496:INFO:Calculating mean and std
2025-10-07 16:16:24,497:INFO:Creating metrics dataframe
2025-10-07 16:16:24,498:INFO:Uploading results into container
2025-10-07 16:16:24,499:INFO:Uploading model into container now
2025-10-07 16:16:24,499:INFO:_master_model_container: 4
2025-10-07 16:16:24,499:INFO:_display_container: 2
2025-10-07 16:16:24,499:INFO:ElasticNet(random_state=42)
2025-10-07 16:16:24,499:INFO:create_model() successfully completed......................................
2025-10-07 16:16:24,558:INFO:SubProcess create_model() end ==================================
2025-10-07 16:16:24,558:INFO:Creating metrics dataframe
2025-10-07 16:16:24,564:INFO:Initializing Least Angle Regression
2025-10-07 16:16:24,564:INFO:Total runtime is 0.9118924856185913 minutes
2025-10-07 16:16:24,566:INFO:SubProcess create_model() called ==================================
2025-10-07 16:16:24,567:INFO:Initializing create_model()
2025-10-07 16:16:24,567:INFO:create_model(self=<pycaret.regression.oop.RegressionExperiment object at 0x34894cb10>, estimator=lar, fold=KFold(n_splits=5, random_state=None, shuffle=False), round=4, cross_validation=True, predict=True, fit_kwargs={}, groups=None, refit=False, probability_threshold=None, experiment_custom_tags=None, verbose=False, system=False, add_to_model_list=True, metrics=None, display=<pycaret.internal.display.display.CommonDisplay object at 0x349040110>, model_only=True, return_train_score=False, error_score=0.0, kwargs={})
2025-10-07 16:16:24,567:INFO:Checking exceptions
2025-10-07 16:16:24,567:INFO:Importing libraries
2025-10-07 16:16:24,567:INFO:Copying training dataset
2025-10-07 16:16:25,511:INFO:Defining folds
2025-10-07 16:16:25,511:INFO:Declaring metric variables
2025-10-07 16:16:25,512:INFO:Importing untrained model
2025-10-07 16:16:25,513:INFO:Least Angle Regression Imported successfully
2025-10-07 16:16:25,515:INFO:Starting cross validation
2025-10-07 16:16:25,516:INFO:Cross validating with KFold(n_splits=5, random_state=None, shuffle=False), n_jobs=1
2025-10-07 16:16:31,791:WARNING:/Users/alperozarslan/miniconda3/envs/pycaret_env/lib/python3.11/site-packages/sklearn/metrics/_regression.py:501: RuntimeWarning: overflow encountered in square
  output_errors = np.average((y_true - y_pred) ** 2, axis=0, weights=sample_weight)

2025-10-07 16:16:31,791:WARNING:/Users/alperozarslan/miniconda3/envs/pycaret_env/lib/python3.11/site-packages/sklearn/metrics/_regression.py:501: RuntimeWarning: overflow encountered in square
  output_errors = np.average((y_true - y_pred) ** 2, axis=0, weights=sample_weight)

2025-10-07 16:16:31,791:WARNING:/Users/alperozarslan/miniconda3/envs/pycaret_env/lib/python3.11/site-packages/sklearn/metrics/_regression.py:1196: RuntimeWarning: overflow encountered in square
  numerator = (weight * (y_true - y_pred) ** 2).sum(axis=0, dtype=np.float64)

2025-10-07 16:16:35,944:INFO:Calculating mean and std
2025-10-07 16:16:35,945:WARNING:/Users/alperozarslan/miniconda3/envs/pycaret_env/lib/python3.11/site-packages/numpy/core/_methods.py:176: RuntimeWarning: overflow encountered in multiply
  x = um.multiply(x, x, out=x)

2025-10-07 16:16:35,945:WARNING:/Users/alperozarslan/miniconda3/envs/pycaret_env/lib/python3.11/site-packages/numpy/core/_methods.py:173: RuntimeWarning: invalid value encountered in subtract
  x = asanyarray(arr - arrmean)

2025-10-07 16:16:35,945:INFO:Creating metrics dataframe
2025-10-07 16:16:35,947:INFO:Uploading results into container
2025-10-07 16:16:35,947:INFO:Uploading model into container now
2025-10-07 16:16:35,947:INFO:_master_model_container: 5
2025-10-07 16:16:35,947:INFO:_display_container: 2
2025-10-07 16:16:35,948:INFO:Lars(random_state=42)
2025-10-07 16:16:35,948:INFO:create_model() successfully completed......................................
2025-10-07 16:16:36,005:INFO:SubProcess create_model() end ==================================
2025-10-07 16:16:36,005:INFO:Creating metrics dataframe
2025-10-07 16:16:36,010:INFO:Initializing Lasso Least Angle Regression
2025-10-07 16:16:36,010:INFO:Total runtime is 1.1026610175768534 minutes
2025-10-07 16:16:36,012:INFO:SubProcess create_model() called ==================================
2025-10-07 16:16:36,012:INFO:Initializing create_model()
2025-10-07 16:16:36,012:INFO:create_model(self=<pycaret.regression.oop.RegressionExperiment object at 0x34894cb10>, estimator=llar, fold=KFold(n_splits=5, random_state=None, shuffle=False), round=4, cross_validation=True, predict=True, fit_kwargs={}, groups=None, refit=False, probability_threshold=None, experiment_custom_tags=None, verbose=False, system=False, add_to_model_list=True, metrics=None, display=<pycaret.internal.display.display.CommonDisplay object at 0x349040110>, model_only=True, return_train_score=False, error_score=0.0, kwargs={})
2025-10-07 16:16:36,012:INFO:Checking exceptions
2025-10-07 16:16:36,012:INFO:Importing libraries
2025-10-07 16:16:36,013:INFO:Copying training dataset
2025-10-07 16:16:36,930:INFO:Defining folds
2025-10-07 16:16:36,930:INFO:Declaring metric variables
2025-10-07 16:16:36,932:INFO:Importing untrained model
2025-10-07 16:16:36,933:INFO:Lasso Least Angle Regression Imported successfully
2025-10-07 16:16:36,934:INFO:Starting cross validation
2025-10-07 16:16:36,935:INFO:Cross validating with KFold(n_splits=5, random_state=None, shuffle=False), n_jobs=1
2025-10-07 16:16:47,883:INFO:Calculating mean and std
2025-10-07 16:16:47,884:INFO:Creating metrics dataframe
2025-10-07 16:16:47,885:INFO:Uploading results into container
2025-10-07 16:16:47,885:INFO:Uploading model into container now
2025-10-07 16:16:47,886:INFO:_master_model_container: 6
2025-10-07 16:16:47,886:INFO:_display_container: 2
2025-10-07 16:16:47,886:INFO:LassoLars(random_state=42)
2025-10-07 16:16:47,886:INFO:create_model() successfully completed......................................
2025-10-07 16:16:47,953:INFO:SubProcess create_model() end ==================================
2025-10-07 16:16:47,953:INFO:Creating metrics dataframe
2025-10-07 16:16:47,961:INFO:Initializing Orthogonal Matching Pursuit
2025-10-07 16:16:47,961:INFO:Total runtime is 1.301842947800954 minutes
2025-10-07 16:16:47,966:INFO:SubProcess create_model() called ==================================
2025-10-07 16:16:47,967:INFO:Initializing create_model()
2025-10-07 16:16:47,967:INFO:create_model(self=<pycaret.regression.oop.RegressionExperiment object at 0x34894cb10>, estimator=omp, fold=KFold(n_splits=5, random_state=None, shuffle=False), round=4, cross_validation=True, predict=True, fit_kwargs={}, groups=None, refit=False, probability_threshold=None, experiment_custom_tags=None, verbose=False, system=False, add_to_model_list=True, metrics=None, display=<pycaret.internal.display.display.CommonDisplay object at 0x349040110>, model_only=True, return_train_score=False, error_score=0.0, kwargs={})
2025-10-07 16:16:47,967:INFO:Checking exceptions
2025-10-07 16:16:47,967:INFO:Importing libraries
2025-10-07 16:16:47,967:INFO:Copying training dataset
2025-10-07 16:16:48,963:INFO:Defining folds
2025-10-07 16:16:48,963:INFO:Declaring metric variables
2025-10-07 16:16:48,964:INFO:Importing untrained model
2025-10-07 16:16:48,966:INFO:Orthogonal Matching Pursuit Imported successfully
2025-10-07 16:16:48,968:INFO:Starting cross validation
2025-10-07 16:16:48,968:INFO:Cross validating with KFold(n_splits=5, random_state=None, shuffle=False), n_jobs=1
2025-10-07 16:17:00,022:INFO:Calculating mean and std
2025-10-07 16:17:00,026:INFO:Creating metrics dataframe
2025-10-07 16:17:00,027:INFO:Uploading results into container
2025-10-07 16:17:00,028:INFO:Uploading model into container now
2025-10-07 16:17:00,028:INFO:_master_model_container: 7
2025-10-07 16:17:00,028:INFO:_display_container: 2
2025-10-07 16:17:00,028:INFO:OrthogonalMatchingPursuit()
2025-10-07 16:17:00,028:INFO:create_model() successfully completed......................................
2025-10-07 16:17:00,111:INFO:SubProcess create_model() end ==================================
2025-10-07 16:17:00,111:INFO:Creating metrics dataframe
2025-10-07 16:17:00,119:INFO:Initializing Bayesian Ridge
2025-10-07 16:17:00,119:INFO:Total runtime is 1.504472482204437 minutes
2025-10-07 16:17:00,121:INFO:SubProcess create_model() called ==================================
2025-10-07 16:17:00,121:INFO:Initializing create_model()
2025-10-07 16:17:00,121:INFO:create_model(self=<pycaret.regression.oop.RegressionExperiment object at 0x34894cb10>, estimator=br, fold=KFold(n_splits=5, random_state=None, shuffle=False), round=4, cross_validation=True, predict=True, fit_kwargs={}, groups=None, refit=False, probability_threshold=None, experiment_custom_tags=None, verbose=False, system=False, add_to_model_list=True, metrics=None, display=<pycaret.internal.display.display.CommonDisplay object at 0x349040110>, model_only=True, return_train_score=False, error_score=0.0, kwargs={})
2025-10-07 16:17:00,121:INFO:Checking exceptions
2025-10-07 16:17:00,121:INFO:Importing libraries
2025-10-07 16:17:00,122:INFO:Copying training dataset
2025-10-07 16:17:01,050:INFO:Defining folds
2025-10-07 16:17:01,050:INFO:Declaring metric variables
2025-10-07 16:17:01,051:INFO:Importing untrained model
2025-10-07 16:17:01,052:INFO:Bayesian Ridge Imported successfully
2025-10-07 16:17:01,054:INFO:Starting cross validation
2025-10-07 16:17:01,055:INFO:Cross validating with KFold(n_splits=5, random_state=None, shuffle=False), n_jobs=1
